<?xml version="1.0" encoding="UTF-8"?>
<!-- Generated by org.testng.reporters.JUnitReportReporter -->
<testsuite skipped="0" hostname="DESKTOP-G4P6S3Q" name="TestCases.TC_05_SuccessfulLogout" tests="1" failures="0" timestamp="2023-08-19T19:51:35 IST" time="40.750" errors="0">
  <testcase name="testSuccessfulLogout" time="40.750" classname="TestCases.TC_05_SuccessfulLogout"/>
  <system-out/>
</testsuite> <!-- TestCases.TC_05_SuccessfulLogout -->
