<?xml version="1.0" encoding="UTF-8"?>
<!-- Generated by org.testng.reporters.JUnitReportReporter -->
<testsuite skipped="0" hostname="DESKTOP-G4P6S3Q" name="TestCases.TC_01_ValidLogin" tests="1" failures="0" timestamp="2023-08-19T19:51:35 IST" time="55.950" errors="0">
  <testcase name="testValidLogin" time="55.950" classname="TestCases.TC_01_ValidLogin"/>
  <system-out/>
</testsuite> <!-- TestCases.TC_01_ValidLogin -->
