<?xml version="1.0" encoding="UTF-8"?>
<!-- Generated by org.testng.reporters.JUnitReportReporter -->
<testsuite skipped="0" hostname="DESKTOP-G4P6S3Q" name="TestCases.TC_02_InvalidLogin" tests="3" failures="0" timestamp="2023-08-19T19:51:35 IST" time="74.794" errors="0">
  <testcase name="testInvalidUsername" time="27.440" classname="TestCases.TC_02_InvalidLogin"/>
  <system-out/>
  <testcase name="testInvalidPassword" time="24.360" classname="TestCases.TC_02_InvalidLogin"/>
  <system-out/>
  <testcase name="testInvalidUsernamePassword" time="22.994" classname="TestCases.TC_02_InvalidLogin"/>
  <system-out/>
</testsuite> <!-- TestCases.TC_02_InvalidLogin -->
