<?xml version="1.0" encoding="UTF-8"?>
<!-- Generated by org.testng.reporters.JUnitReportReporter -->
<testsuite skipped="0" hostname="DESKTOP-G4P6S3Q" name="TestCases.TC_03_BookAppointment" tests="1" failures="0" timestamp="2023-08-19T19:51:35 IST" time="37.208" errors="0">
  <testcase name="testBookAppointment" time="37.208" classname="TestCases.TC_03_BookAppointment"/>
  <system-out/>
</testsuite> <!-- TestCases.TC_03_BookAppointment -->
